<?xml version="1.0" encoding="UTF-8"?>
<testng-results ignored="0" total="3" passed="3" failed="0" skipped="0">
  <reporter-output>
  </reporter-output>
  <suite started-at="2023-05-11T15:12:15 IST" name="Suite1" finished-at="2023-05-11T15:14:05 IST" duration-ms="110493">
    <groups>
    </groups>
    <test started-at="2023-05-11T15:12:15 IST" name="Chrome Test" finished-at="2023-05-11T15:12:40 IST" duration-ms="25248">
      <class name="org.example.OrangeLogin">
        <test-method is-config="true" signature="setDriver(java.lang.String)[pri:0, instance:org.example.OrangeLogin@7e0b85f9]" started-at="2023-05-11T15:12:15 IST" name="setDriver" finished-at="2023-05-11T15:12:40 IST" duration-ms="24883" status="PASS">
          <params>
            <param index="0">
              <value>
                <![CDATA[chrome]]>
              </value>
            </param>
          </params>
          <reporter-output>
          </reporter-output>
        </test-method> <!-- setDriver -->
        <test-method signature="login()[pri:0, instance:org.example.OrangeLogin@7e0b85f9]" started-at="2023-05-11T15:12:40 IST" name="login" finished-at="2023-05-11T15:12:40 IST" duration-ms="314" status="PASS">
          <reporter-output>
          </reporter-output>
        </test-method> <!-- login -->
        <test-method is-config="true" signature="closeBrowser()[pri:0, instance:org.example.OrangeLogin@7e0b85f9]" started-at="2023-05-11T15:12:40 IST" name="closeBrowser" finished-at="2023-05-11T15:12:40 IST" duration-ms="1" status="PASS">
          <reporter-output>
          </reporter-output>
        </test-method> <!-- closeBrowser -->
      </class> <!-- org.example.OrangeLogin -->
    </test> <!-- Chrome Test -->
    <test started-at="2023-05-11T15:12:40 IST" name="Firefox Test" finished-at="2023-05-11T15:13:14 IST" duration-ms="34424">
      <class name="org.example.OrangeLogin">
        <test-method is-config="true" signature="setDriver(java.lang.String)[pri:0, instance:org.example.OrangeLogin@15ff3e9e]" started-at="2023-05-11T15:12:40 IST" name="setDriver" finished-at="2023-05-11T15:13:12 IST" duration-ms="32290" status="PASS">
          <params>
            <param index="0">
              <value>
                <![CDATA[firefox]]>
              </value>
            </param>
          </params>
          <reporter-output>
          </reporter-output>
        </test-method> <!-- setDriver -->
        <test-method signature="login()[pri:0, instance:org.example.OrangeLogin@15ff3e9e]" started-at="2023-05-11T15:13:12 IST" name="login" finished-at="2023-05-11T15:13:14 IST" duration-ms="2132" status="PASS">
          <reporter-output>
          </reporter-output>
        </test-method> <!-- login -->
        <test-method is-config="true" signature="closeBrowser()[pri:0, instance:org.example.OrangeLogin@15ff3e9e]" started-at="2023-05-11T15:13:14 IST" name="closeBrowser" finished-at="2023-05-11T15:13:14 IST" duration-ms="0" status="PASS">
          <reporter-output>
          </reporter-output>
        </test-method> <!-- closeBrowser -->
      </class> <!-- org.example.OrangeLogin -->
    </test> <!-- Firefox Test -->
    <test started-at="2023-05-11T15:13:14 IST" name="Edge Test" finished-at="2023-05-11T15:14:05 IST" duration-ms="50764">
      <class name="org.example.OrangeLogin">
        <test-method is-config="true" signature="setDriver(java.lang.String)[pri:0, instance:org.example.OrangeLogin@5e0826e7]" started-at="2023-05-11T15:13:14 IST" name="setDriver" finished-at="2023-05-11T15:14:05 IST" duration-ms="50539" status="PASS">
          <params>
            <param index="0">
              <value>
                <![CDATA[edge]]>
              </value>
            </param>
          </params>
          <reporter-output>
          </reporter-output>
        </test-method> <!-- setDriver -->
        <test-method signature="login()[pri:0, instance:org.example.OrangeLogin@5e0826e7]" started-at="2023-05-11T15:14:05 IST" name="login" finished-at="2023-05-11T15:14:05 IST" duration-ms="222" status="PASS">
          <reporter-output>
          </reporter-output>
        </test-method> <!-- login -->
        <test-method is-config="true" signature="closeBrowser()[pri:0, instance:org.example.OrangeLogin@5e0826e7]" started-at="2023-05-11T15:14:05 IST" name="closeBrowser" finished-at="2023-05-11T15:14:05 IST" duration-ms="0" status="PASS">
          <reporter-output>
          </reporter-output>
        </test-method> <!-- closeBrowser -->
      </class> <!-- org.example.OrangeLogin -->
    </test> <!-- Edge Test -->
  </suite> <!-- Suite1 -->
</testng-results>
