<?xml version="1.0" encoding="UTF-8"?>
<!-- Generated by org.testng.reporters.JUnitXMLReporter -->
<testsuite ignored="3" hostname="DESKTOP-IBR7410" failures="0" tests="3" name="Functional testing" time="0.068" errors="0" timestamp="2023-05-11T09:54:41 IST">
  <testcase classname="org.example.groups" name="testcase1" time="0.006"/>
  <testcase classname="org.example.groups" name="testcase2" time="0.001"/>
  <testcase classname="org.example.groups" name="testcase3" time="0.0"/>
  <testcase classname="org.example.groups" name="testcase6" time="0.0">
    <ignored/>
  </testcase> <!-- testcase6 -->
  <testcase classname="org.example.groups" name="testcase4" time="0.0">
    <ignored/>
  </testcase> <!-- testcase4 -->
  <testcase classname="org.example.groups" name="testcase5" time="0.0">
    <ignored/>
  </testcase> <!-- testcase5 -->
</testsuite> <!-- Functional testing -->
